+ echo 'Starting model server //venvs/c09bbca6748ff23d83f48f57446c3ad6b5758c403936157ab731b3c269c0afb9 on port 32100'
Starting model server //venvs/c09bbca6748ff23d83f48f57446c3ad6b5758c403936157ab731b3c269c0afb9 on port 32100
++ cat portnum
+ echo 'Starting model server //venvs/c4dfec3dd259395598646ce85b8efd7811840dc726bf4915c39d862b87fc7070 on port 32102'
Starting model server //venvs/c4dfec3dd259395598646ce85b8efd7811840dc726bf4915c39d862b87fc7070 on port 32102
++ cat portnum
+ bin/mac serve --config-path model.json --host 0.0.0.0 --port 32100
+ bin/mac serve --config-path model.json --host 0.0.0.0 --port 32102
Looking for preexisting `json` files in //pipelines
15-Mar-24 14:42:59.140 - pydata_util.file_loading.json_loader - INFO: Loading JSON file from 'model.json'...
15-Mar-24 14:42:59.140 - pydata_util.file_loading.json_loader - INFO: Loading JSON file from 'model.json'...
15-Mar-24 14:42:59.141 - pydata_util.file_loading.json_loader - INFO: Loading successful.
15-Mar-24 14:42:59.141 - pydata_util.file_loading.json_loader - INFO: Loading successful.
15-Mar-24 14:42:59.159 - mac.entrypoints.serving - INFO: Serving custom PythonStep with flight from `NATSMessage`...
15-Mar-24 14:42:59.159 - mac.entrypoints.serving - INFO: Serving custom PythonStep with flight from `NATSMessage`...
15-Mar-24 14:42:59.159 - mac.io.custom_step_loaders - INFO: Loading custom pre/post-processing step from Python files...
15-Mar-24 14:42:59.160 - mac.io.custom_step_loaders - INFO: Loading custom pre/post-processing step from Python files...
15-Mar-24 14:42:59.160 - mac.io.custom_step_loaders - INFO: Loading successful.
15-Mar-24 14:42:59.160 - mac.service.arrow_flight.arrow_flight_service - INFO: Creating Arrow Flight RPC service...
15-Mar-24 14:42:59.160 - mac.io.custom_step_loaders - INFO: Loading successful.
15-Mar-24 14:42:59.160 - mac.service.arrow_flight.arrow_flight_service - INFO: Creating Arrow Flight RPC service...
15-Mar-24 14:42:59.161 - mac.service.arrow_flight.arrow_flight_service - INFO: Successfully created Arrow Flight RPC service.
15-Mar-24 14:42:59.161 - root - INFO: [📡] Starting server on `grpc://0.0.0.0:32102`...
15-Mar-24 14:42:59.161 - mac.service.arrow_flight.arrow_flight_service - INFO: Successfully created Arrow Flight RPC service.
15-Mar-24 14:42:59.161 - root - INFO: [📡] Starting server on `grpc://0.0.0.0:32100`...
2024-03-15T14:43:20.841380Z ERROR fitzroy::model::manager: Runtime error: Error occurred while creating a new object: transport error: transport error

Caused by:
    0: transport error: transport error
    1: transport error
    2: error trying to connect: tcp connect error: Cannot assign requested address (os error 99)
    3: tcp connect error: Cannot assign requested address (os error 99)
    4: Cannot assign requested address (os error 99)
2024-03-15T14:43:20.841461Z ERROR fitzroy::pipeline::manager: Error executing pipeline: Error occurred while creating a new object: transport error: transport error
