 ok
http://engine-lb.camera-2-pp-1314:29502/pipelines/camera-2-pp
11-16-2022 14:04:16.259057 Start Time:09:04:16 AM
11-16-2022 14:04:16.259082 Skipping [225] frames
11-16-2022 14:04:16.268178 Video Properties
11-16-2022 14:04:16.268222    video input:videos/amazon-fresh-go.mp4
11-16-2022 14:04:16.268229    video output:videos/amazon-fresh-go-inferenced.mp4
11-16-2022 14:04:16.268251    format:0.0
11-16-2022 14:04:16.268259    fourcc:828601953.0
11-16-2022 14:04:16.268266    mode:0.0
11-16-2022 14:04:16.268272    buffer:0.0
11-16-2022 14:04:16.268278    width:1280.0
11-16-2022 14:04:16.268284    height:720.0
11-16-2022 14:04:16.268290    fps:25.0
11-16-2022 14:04:16.268361    frame size:(640, 630)
11-16-2022 14:04:16.271472 recordStartFrame:0
11-16-2022 14:04:16.271495 recordEndFrame:0
11-16-2022 14:04:18.489627 Frame:225 Read: 0.0022 Inf: 1.4761 Onnx: 0.0929 Draw: 0.0131 Total: 1.5399
11-16-2022 14:04:20.189110 Frame:226 Read: 0.0013 Inf: 1.6400 Onnx: 0.1076 Draw: 0.0158 Total: 1.6994
11-16-2022 14:04:21.846627 Frame:227 Read: 0.0012 Inf: 1.5998 Onnx: 0.1095 Draw: 0.0130 Total: 1.6574
11-16-2022 14:04:23.486730 Frame:228 Read: 0.0012 Inf: 1.5829 Onnx: 0.0942 Draw: 0.0128 Total: 1.6400
11-16-2022 14:04:25.138649 Frame:229 Read: 0.0012 Inf: 1.5949 Onnx: 0.1111 Draw: 0.0128 Total: 1.6519
11-16-2022 14:04:26.634286 Frame:230 Read: 0.0015 Inf: 1.4381 Onnx: 0.0921 Draw: 0.0126 Total: 1.4956
11-16-2022 14:04:28.160279 Frame:231 Read: 0.0013 Inf: 1.4702 Onnx: 0.1149 Draw: 0.0127 Total: 1.5259
11-16-2022 14:04:29.686009 Frame:232 Read: 0.0012 Inf: 1.4690 Onnx: 0.0934 Draw: 0.0129 Total: 1.5256
11-16-2022 14:04:31.316569 Frame:233 Read: 0.0013 Inf: 1.5737 Onnx: 0.1170 Draw: 0.0123 Total: 1.6305
11-16-2022 14:04:32.856630 Frame:234 Read: 0.0012 Inf: 1.4845 Onnx: 0.1277 Draw: 0.0124 Total: 1.5400
11-16-2022 14:04:34.331058 Frame:235 Read: 0.0012 Inf: 1.4155 Onnx: 0.0920 Draw: 0.0156 Total: 1.4744
11-16-2022 14:04:35.825177 Frame:236 Read: 0.0013 Inf: 1.4376 Onnx: 0.0970 Draw: 0.0124 Total: 1.4941
11-16-2022 14:04:37.342264 Frame:237 Read: 0.0012 Inf: 1.4602 Onnx: 0.1152 Draw: 0.0130 Total: 1.5170
11-16-2022 14:04:38.957977 Frame:238 Read: 0.0012 Inf: 1.5561 Onnx: 0.0940 Draw: 0.0157 Total: 1.6156
11-16-2022 14:04:40.626394 Frame:239 Read: 0.0013 Inf: 1.6110 Onnx: 0.1142 Draw: 0.0124 Total: 1.6683
11-16-2022 14:04:42.168985 Frame:240 Read: 0.0015 Inf: 1.4848 Onnx: 0.1124 Draw: 0.0126 Total: 1.5425
11-16-2022 14:04:43.634537 Frame:241 Read: 0.0012 Inf: 1.4088 Onnx: 0.0922 Draw: 0.0121 Total: 1.4655
11-16-2022 14:04:45.125102 Frame:242 Read: 0.0013 Inf: 1.4338 Onnx: 0.0949 Draw: 0.0123 Total: 1.4905
11-16-2022 14:04:46.650207 Frame:243 Read: 0.0012 Inf: 1.4699 Onnx: 0.1295 Draw: 0.0125 Total: 1.5250
11-16-2022 14:04:48.341416 Frame:244 Read: 0.0012 Inf: 1.6346 Onnx: 0.1073 Draw: 0.0124 Total: 1.6911
11-16-2022 14:04:49.828331 Frame:245 Read: 0.0012 Inf: 1.4301 Onnx: 0.0928 Draw: 0.0128 Total: 1.4868
11-16-2022 14:04:51.382307 Frame:246 Read: 0.0015 Inf: 1.4963 Onnx: 0.1002 Draw: 0.0127 Total: 1.5539
11-16-2022 14:04:52.868880 Frame:247 Read: 0.0012 Inf: 1.4274 Onnx: 0.0949 Draw: 0.0129 Total: 1.4865
11-16-2022 14:04:54.370754 Frame:248 Read: 0.0012 Inf: 1.4433 Onnx: 0.0931 Draw: 0.0125 Total: 1.5018
11-16-2022 14:04:55.915873 Frame:249 Read: 0.0012 Inf: 1.4862 Onnx: 0.0978 Draw: 0.0128 Total: 1.5451
11-16-2022 14:04:57.441710 Frame:250 Read: 0.0013 Inf: 1.4670 Onnx: 0.1156 Draw: 0.0122 Total: 1.5258
11-16-2022 14:04:58.949428 Frame:251 Read: 0.0012 Inf: 1.4486 Onnx: 0.0935 Draw: 0.0141 Total: 1.5077
11-16-2022 14:05:00.482456 Frame:252 Read: 0.0014 Inf: 1.4710 Onnx: 0.0928 Draw: 0.0137 Total: 1.5330
11-16-2022 14:05:02.040382 Frame:253 Read: 0.0014 Inf: 1.4975 Onnx: 0.0920 Draw: 0.0124 Total: 1.5579
11-16-2022 14:05:03.576910 Frame:254 Read: 0.0013 Inf: 1.4786 Onnx: 0.1100 Draw: 0.0126 Total: 1.5365
11-16-2022 14:05:05.108695 Frame:255 Read: 0.0012 Inf: 1.4709 Onnx: 0.1046 Draw: 0.0154 Total: 1.5317
11-16-2022 14:05:06.835383 Frame:256 Read: 0.0012 Inf: 1.6691 Onnx: 0.1016 Draw: 0.0124 Total: 1.7266
11-16-2022 14:05:08.344602 Frame:257 Read: 0.0013 Inf: 1.4512 Onnx: 0.0992 Draw: 0.0125 Total: 1.5092
11-16-2022 14:05:09.872082 Frame:258 Read: 0.0012 Inf: 1.4691 Onnx: 0.0945 Draw: 0.0134 Total: 1.5274
11-16-2022 14:05:11.364662 Frame:259 Read: 0.0012 Inf: 1.4354 Onnx: 0.0953 Draw: 0.0120 Total: 1.4925
11-16-2022 14:05:12.920430 Frame:260 Read: 0.0012 Inf: 1.4983 Onnx: 0.0943 Draw: 0.0121 Total: 1.5557
11-16-2022 14:05:14.418670 Frame:261 Read: 0.0012 Inf: 1.4397 Onnx: 0.1100 Draw: 0.0121 Total: 1.4982
11-16-2022 14:05:16.099427 Frame:262 Read: 0.0012 Inf: 1.6236 Onnx: 0.0923 Draw: 0.0122 Total: 1.6807
11-16-2022 14:05:17.681956 Frame:263 Read: 0.0013 Inf: 1.5255 Onnx: 0.0927 Draw: 0.0119 Total: 1.5825
11-16-2022 14:05:19.197699 Frame:264 Read: 0.0012 Inf: 1.4591 Onnx: 0.1008 Draw: 0.0119 Total: 1.5157
11-16-2022 14:05:20.681657 Frame:265 Read: 0.0012 Inf: 1.4253 Onnx: 0.0933 Draw: 0.0121 Total: 1.4839
11-16-2022 14:05:22.199642 Frame:266 Read: 0.0013 Inf: 1.4560 Onnx: 0.1183 Draw: 0.0123 Total: 1.5179
11-16-2022 14:05:23.734924 Frame:267 Read: 0.0013 Inf: 1.4779 Onnx: 0.1131 Draw: 0.0119 Total: 1.5352
11-16-2022 14:05:25.333531 Frame:268 Read: 0.0013 Inf: 1.5418 Onnx: 0.0945 Draw: 0.0117 Total: 1.5985
11-16-2022 14:05:26.955226 Frame:269 Read: 0.0013 Inf: 1.5653 Onnx: 0.0923 Draw: 0.0116 Total: 1.6216
11-16-2022 14:05:28.584214 Frame:270 Read: 0.0013 Inf: 1.5733 Onnx: 0.0925 Draw: 0.0114 Total: 1.6289
11-16-2022 14:05:30.091405 Frame:271 Read: 0.0012 Inf: 1.4501 Onnx: 0.0933 Draw: 0.0121 Total: 1.5071
11-16-2022 14:05:31.628771 Frame:272 Read: 0.0013 Inf: 1.4802 Onnx: 0.1038 Draw: 0.0122 Total: 1.5373
11-16-2022 14:05:33.136428 Frame:273 Read: 0.0012 Inf: 1.4507 Onnx: 0.0960 Draw: 0.0129 Total: 1.5076
11-16-2022 14:05:34.636116 Frame:274 Read: 0.0013 Inf: 1.4430 Onnx: 0.0924 Draw: 0.0119 Total: 1.4996
11-16-2022 14:05:36.144957 Frame:275 Read: 0.0012 Inf: 1.4524 Onnx: 0.1262 Draw: 0.0121 Total: 1.5088
11-16-2022 14:05:37.660097 Frame:276 Read: 0.0012 Inf: 1.4579 Onnx: 0.1087 Draw: 0.0126 Total: 1.5151
11-16-2022 14:05:39.171140 Frame:277 Read: 0.0012 Inf: 1.4541 Onnx: 0.1147 Draw: 0.0124 Total: 1.5110
11-16-2022 14:05:40.704865 Frame:278 Read: 0.0012 Inf: 1.4739 Onnx: 0.1069 Draw: 0.0156 Total: 1.5337
11-16-2022 14:05:42.252477 Frame:279 Read: 0.0012 Inf: 1.4896 Onnx: 0.1199 Draw: 0.0122 Total: 1.5475
11-16-2022 14:05:43.771438 Frame:280 Read: 0.0012 Inf: 1.4638 Onnx: 0.0985 Draw: 0.0114 Total: 1.5189
11-16-2022 14:05:45.306326 Frame:281 Read: 0.0013 Inf: 1.4779 Onnx: 0.1050 Draw: 0.0126 Total: 1.5348
11-16-2022 14:05:46.798270 Frame:282 Read: 0.0012 Inf: 1.4358 Onnx: 0.0933 Draw: 0.0122 Total: 1.4919
11-16-2022 14:05:48.281951 Frame:283 Read: 0.0012 Inf: 1.4267 Onnx: 0.0945 Draw: 0.0119 Total: 1.4836
11-16-2022 14:05:49.817453 Frame:284 Read: 0.0012 Inf: 1.4797 Onnx: 0.1079 Draw: 0.0122 Total: 1.5354
11-16-2022 14:05:51.460184 Frame:285 Read: 0.0012 Inf: 1.5879 Onnx: 0.0941 Draw: 0.0116 Total: 1.6427
11-16-2022 14:05:53.027850 Frame:286 Read: 0.0012 Inf: 1.5116 Onnx: 0.0922 Draw: 0.0120 Total: 1.5676
11-16-2022 14:05:54.501336 Frame:287 Read: 0.0013 Inf: 1.4179 Onnx: 0.0962 Draw: 0.0115 Total: 1.4734
11-16-2022 14:05:56.015838 Frame:288 Read: 0.0012 Inf: 1.4593 Onnx: 0.0931 Draw: 0.0121 Total: 1.5144
11-16-2022 14:05:57.548266 Frame:289 Read: 0.0013 Inf: 1.4765 Onnx: 0.1283 Draw: 0.0116 Total: 1.5324
11-16-2022 14:05:59.292890 Frame:290 Read: 0.0012 Inf: 1.6879 Onnx: 0.0944 Draw: 0.0121 Total: 1.7445
11-16-2022 14:06:00.803703 Frame:291 Read: 0.0012 Inf: 1.4542 Onnx: 0.1285 Draw: 0.0118 Total: 1.5107
11-16-2022 14:06:02.306040 Frame:292 Read: 0.0013 Inf: 1.4470 Onnx: 0.0937 Draw: 0.0124 Total: 1.5023
11-16-2022 14:06:03.795095 Frame:293 Read: 0.0012 Inf: 1.4336 Onnx: 0.0933 Draw: 0.0120 Total: 1.4890
11-16-2022 14:06:05.285465 Frame:294 Read: 0.0012 Inf: 1.4318 Onnx: 0.0940 Draw: 0.0146 Total: 1.4903
11-16-2022 14:06:06.794120 Frame:295 Read: 0.0012 Inf: 1.4539 Onnx: 0.0983 Draw: 0.0117 Total: 1.5086
11-16-2022 14:06:08.436585 Frame:296 Read: 0.0013 Inf: 1.5868 Onnx: 0.1042 Draw: 0.0124 Total: 1.6424
