 ok
http://engine-lb.camera-2-pp-1314:29502/pipelines/camera-2-pp
11-16-2022 13:54:57.799198 Start Time:08:54:57 AM
11-16-2022 13:54:57.799220 Skipping [225] frames
11-16-2022 13:54:57.807576 Video Properties
11-16-2022 13:54:57.807633    video input:videos/amazon-fresh-go.mp4
11-16-2022 13:54:57.807639    video output:videos/amazon-fresh-go-inferenced.mp4
11-16-2022 13:54:57.807659    format:0.0
11-16-2022 13:54:57.807666    fourcc:828601953.0
11-16-2022 13:54:57.807671    mode:0.0
11-16-2022 13:54:57.807675    buffer:0.0
11-16-2022 13:54:57.807682    width:1280.0
11-16-2022 13:54:57.807686    height:720.0
11-16-2022 13:54:57.807691    fps:25.0
11-16-2022 13:54:57.807734    frame size:(640, 630)
11-16-2022 13:54:57.809427 recordStartFrame:0
11-16-2022 13:54:57.809451 recordEndFrame:0
11-16-2022 13:55:00.079074 Frame:225 Read: 0.0026 Inf: 1.4816 Onnx: 0.0946 Draw: 0.0132 Total: 1.5439
11-16-2022 13:55:01.598375 Frame:226 Read: 0.0015 Inf: 1.4634 Onnx: 0.0942 Draw: 0.0132 Total: 1.5192
11-16-2022 13:55:03.054541 Frame:227 Read: 0.0012 Inf: 1.4009 Onnx: 0.0929 Draw: 0.0129 Total: 1.4561
11-16-2022 13:55:04.539403 Frame:228 Read: 0.0015 Inf: 1.4284 Onnx: 0.0964 Draw: 0.0127 Total: 1.4848
11-16-2022 13:55:06.075757 Frame:229 Read: 0.0012 Inf: 1.4816 Onnx: 0.1186 Draw: 0.0129 Total: 1.5363
11-16-2022 13:55:07.612615 Frame:230 Read: 0.0012 Inf: 1.4815 Onnx: 0.1257 Draw: 0.0126 Total: 1.5368
11-16-2022 13:55:09.087944 Frame:231 Read: 0.0013 Inf: 1.4206 Onnx: 0.0925 Draw: 0.0128 Total: 1.4753
11-16-2022 13:55:10.551087 Frame:232 Read: 0.0012 Inf: 1.4086 Onnx: 0.0944 Draw: 0.0127 Total: 1.4631
11-16-2022 13:55:12.009171 Frame:233 Read: 0.0012 Inf: 1.4029 Onnx: 0.0931 Draw: 0.0122 Total: 1.4580
11-16-2022 13:55:13.477117 Frame:234 Read: 0.0012 Inf: 1.4136 Onnx: 0.1042 Draw: 0.0121 Total: 1.4679
11-16-2022 13:55:15.015745 Frame:235 Read: 0.0012 Inf: 1.4832 Onnx: 0.1580 Draw: 0.0125 Total: 1.5386
11-16-2022 13:55:16.570918 Frame:236 Read: 0.0013 Inf: 1.4997 Onnx: 0.1026 Draw: 0.0125 Total: 1.5551
11-16-2022 13:55:18.051600 Frame:237 Read: 0.0016 Inf: 1.4237 Onnx: 0.1055 Draw: 0.0130 Total: 1.4806
11-16-2022 13:55:19.523482 Frame:238 Read: 0.0012 Inf: 1.4145 Onnx: 0.0922 Draw: 0.0132 Total: 1.4718
11-16-2022 13:55:21.025849 Frame:239 Read: 0.0012 Inf: 1.4474 Onnx: 0.1038 Draw: 0.0124 Total: 1.5023
11-16-2022 13:55:22.565566 Frame:240 Read: 0.0012 Inf: 1.4825 Onnx: 0.1035 Draw: 0.0127 Total: 1.5397
11-16-2022 13:55:24.198058 Frame:241 Read: 0.0012 Inf: 1.5775 Onnx: 0.0941 Draw: 0.0122 Total: 1.6324
11-16-2022 13:55:25.754690 Frame:242 Read: 0.0013 Inf: 1.5013 Onnx: 0.1024 Draw: 0.0124 Total: 1.5566
11-16-2022 13:55:27.289148 Frame:243 Read: 0.0012 Inf: 1.4788 Onnx: 0.1143 Draw: 0.0124 Total: 1.5344
11-16-2022 13:55:28.758898 Frame:244 Read: 0.0012 Inf: 1.4139 Onnx: 0.0942 Draw: 0.0124 Total: 1.4697
11-16-2022 13:55:30.224831 Frame:245 Read: 0.0015 Inf: 1.4089 Onnx: 0.0926 Draw: 0.0134 Total: 1.4659
11-16-2022 13:55:31.750206 Frame:246 Read: 0.0013 Inf: 1.4684 Onnx: 0.1065 Draw: 0.0127 Total: 1.5253
11-16-2022 13:55:33.402498 Frame:247 Read: 0.0012 Inf: 1.5948 Onnx: 0.0940 Draw: 0.0130 Total: 1.6522
11-16-2022 13:55:34.940787 Frame:248 Read: 0.0012 Inf: 1.4824 Onnx: 0.0948 Draw: 0.0125 Total: 1.5382
11-16-2022 13:55:36.447735 Frame:249 Read: 0.0012 Inf: 1.4456 Onnx: 0.0943 Draw: 0.0128 Total: 1.5069
11-16-2022 13:55:37.915681 Frame:250 Read: 0.0012 Inf: 1.4126 Onnx: 0.0940 Draw: 0.0121 Total: 1.4679
11-16-2022 13:55:39.399286 Frame:251 Read: 0.0013 Inf: 1.4289 Onnx: 0.0959 Draw: 0.0118 Total: 1.4835
11-16-2022 13:55:40.914952 Frame:252 Read: 0.0012 Inf: 1.4613 Onnx: 0.0938 Draw: 0.0122 Total: 1.5156
11-16-2022 13:55:42.419641 Frame:253 Read: 0.0012 Inf: 1.4486 Onnx: 0.1135 Draw: 0.0124 Total: 1.5046
11-16-2022 13:55:43.917864 Frame:254 Read: 0.0013 Inf: 1.4431 Onnx: 0.1155 Draw: 0.0125 Total: 1.4982
11-16-2022 13:55:45.557596 Frame:255 Read: 0.0012 Inf: 1.5829 Onnx: 0.1060 Draw: 0.0125 Total: 1.6397
11-16-2022 13:55:47.059669 Frame:256 Read: 0.0012 Inf: 1.4472 Onnx: 0.1038 Draw: 0.0124 Total: 1.5020
11-16-2022 13:55:48.505189 Frame:257 Read: 0.0012 Inf: 1.3904 Onnx: 0.0924 Draw: 0.0126 Total: 1.4455
11-16-2022 13:55:50.089280 Frame:258 Read: 0.0014 Inf: 1.5256 Onnx: 0.0926 Draw: 0.0132 Total: 1.5840
11-16-2022 13:55:51.669029 Frame:259 Read: 0.0012 Inf: 1.5247 Onnx: 0.1362 Draw: 0.0120 Total: 1.5797
11-16-2022 13:55:53.181230 Frame:260 Read: 0.0012 Inf: 1.4572 Onnx: 0.1034 Draw: 0.0121 Total: 1.5121
11-16-2022 13:55:54.659006 Frame:261 Read: 0.0012 Inf: 1.4219 Onnx: 0.1022 Draw: 0.0121 Total: 1.4777
11-16-2022 13:55:56.130588 Frame:262 Read: 0.0012 Inf: 1.4146 Onnx: 0.0927 Draw: 0.0123 Total: 1.4715
11-16-2022 13:55:57.581869 Frame:263 Read: 0.0012 Inf: 1.3962 Onnx: 0.0950 Draw: 0.0120 Total: 1.4512
11-16-2022 13:55:59.152778 Frame:264 Read: 0.0012 Inf: 1.5153 Onnx: 0.1093 Draw: 0.0118 Total: 1.5709
11-16-2022 13:56:00.751871 Frame:265 Read: 0.0012 Inf: 1.5437 Onnx: 0.1317 Draw: 0.0120 Total: 1.5990
11-16-2022 13:56:02.261812 Frame:266 Read: 0.0013 Inf: 1.4547 Onnx: 0.0949 Draw: 0.0123 Total: 1.5099
11-16-2022 13:56:03.722325 Frame:267 Read: 0.0013 Inf: 1.4052 Onnx: 0.0930 Draw: 0.0118 Total: 1.4604
11-16-2022 13:56:05.196598 Frame:268 Read: 0.0012 Inf: 1.4183 Onnx: 0.0924 Draw: 0.0116 Total: 1.4742
11-16-2022 13:56:06.652018 Frame:269 Read: 0.0012 Inf: 1.4003 Onnx: 0.1018 Draw: 0.0115 Total: 1.4554
11-16-2022 13:56:08.402329 Frame:270 Read: 0.0015 Inf: 1.6947 Onnx: 0.1294 Draw: 0.0114 Total: 1.7503
11-16-2022 13:56:10.062714 Frame:271 Read: 0.0012 Inf: 1.6048 Onnx: 0.0945 Draw: 0.0122 Total: 1.6603
11-16-2022 13:56:11.706079 Frame:272 Read: 0.0015 Inf: 1.5868 Onnx: 0.0943 Draw: 0.0121 Total: 1.6433
11-16-2022 13:56:13.208589 Frame:273 Read: 0.0013 Inf: 1.4466 Onnx: 0.1021 Draw: 0.0128 Total: 1.5024
11-16-2022 13:56:14.694561 Frame:274 Read: 0.0012 Inf: 1.4302 Onnx: 0.0933 Draw: 0.0127 Total: 1.4859
11-16-2022 13:56:16.170349 Frame:275 Read: 0.0012 Inf: 1.4193 Onnx: 0.0940 Draw: 0.0120 Total: 1.4757
11-16-2022 13:56:17.680204 Frame:276 Read: 0.0012 Inf: 1.4543 Onnx: 0.0961 Draw: 0.0127 Total: 1.5098
11-16-2022 13:56:19.335025 Frame:277 Read: 0.0012 Inf: 1.5962 Onnx: 0.1201 Draw: 0.0155 Total: 1.6548
11-16-2022 13:56:21.073694 Frame:278 Read: 0.0015 Inf: 1.6824 Onnx: 0.0936 Draw: 0.0123 Total: 1.7386
11-16-2022 13:56:22.559547 Frame:279 Read: 0.0013 Inf: 1.4289 Onnx: 0.0979 Draw: 0.0121 Total: 1.4858
11-16-2022 13:56:24.064066 Frame:280 Read: 0.0012 Inf: 1.4492 Onnx: 0.0925 Draw: 0.0114 Total: 1.5045
11-16-2022 13:56:25.557536 Frame:281 Read: 0.0012 Inf: 1.4369 Onnx: 0.1186 Draw: 0.0126 Total: 1.4934
11-16-2022 13:56:27.108698 Frame:282 Read: 0.0013 Inf: 1.4946 Onnx: 0.1549 Draw: 0.0121 Total: 1.5511
11-16-2022 13:56:28.586026 Frame:283 Read: 0.0014 Inf: 1.4226 Onnx: 0.1005 Draw: 0.0120 Total: 1.4773
11-16-2022 13:56:30.151363 Frame:284 Read: 0.0012 Inf: 1.5099 Onnx: 0.1155 Draw: 0.0121 Total: 1.5653
11-16-2022 13:56:31.625800 Frame:285 Read: 0.0013 Inf: 1.4166 Onnx: 0.0933 Draw: 0.0119 Total: 1.4744
11-16-2022 13:56:33.102835 Frame:286 Read: 0.0012 Inf: 1.4213 Onnx: 0.1000 Draw: 0.0126 Total: 1.4770
11-16-2022 13:56:34.664543 Frame:287 Read: 0.0012 Inf: 1.5067 Onnx: 0.0942 Draw: 0.0115 Total: 1.5616
11-16-2022 13:56:36.333801 Frame:288 Read: 0.0012 Inf: 1.6138 Onnx: 0.1021 Draw: 0.0119 Total: 1.6692
11-16-2022 13:56:38.043578 Frame:289 Read: 0.0012 Inf: 1.6559 Onnx: 0.1134 Draw: 0.0114 Total: 1.7097
11-16-2022 13:56:39.559571 Frame:290 Read: 0.0012 Inf: 1.4617 Onnx: 0.1075 Draw: 0.0117 Total: 1.5159
11-16-2022 13:56:41.027464 Frame:291 Read: 0.0015 Inf: 1.4125 Onnx: 0.0924 Draw: 0.0118 Total: 1.4678
11-16-2022 13:56:42.527130 Frame:292 Read: 0.0012 Inf: 1.4453 Onnx: 0.0976 Draw: 0.0118 Total: 1.4996
11-16-2022 13:56:44.040010 Frame:293 Read: 0.0013 Inf: 1.4571 Onnx: 0.1147 Draw: 0.0127 Total: 1.5128
11-16-2022 13:56:45.606226 Frame:294 Read: 0.0012 Inf: 1.5123 Onnx: 0.0942 Draw: 0.0114 Total: 1.5662
11-16-2022 13:56:47.228683 Frame:295 Read: 0.0012 Inf: 1.5684 Onnx: 0.0999 Draw: 0.0117 Total: 1.6224
11-16-2022 13:56:48.735243 Frame:296 Read: 0.0012 Inf: 1.4506 Onnx: 0.1129 Draw: 0.0121 Total: 1.5065
11-16-2022 13:56:50.204918 Frame:297 Read: 0.0012 Inf: 1.4146 Onnx: 0.0924 Draw: 0.0120 Total: 1.4696
11-16-2022 13:56:51.719906 Frame:298 Read: 0.0013 Inf: 1.4572 Onnx: 0.0926 Draw: 0.0119 Total: 1.5149
11-16-2022 13:56:53.249397 Frame:299 Read: 0.0015 Inf: 1.4733 Onnx: 0.1315 Draw: 0.0119 Total: 1.5294
11-16-2022 13:56:54.782475 Frame:300 Read: 0.0012 Inf: 1.4778 Onnx: 0.0934 Draw: 0.0123 Total: 1.5330
11-16-2022 13:56:56.286273 Frame:301 Read: 0.0012 Inf: 1.4482 Onnx: 0.1021 Draw: 0.0121 Total: 1.5037
11-16-2022 13:56:57.938095 Frame:302 Read: 0.0012 Inf: 1.5972 Onnx: 0.0933 Draw: 0.0123 Total: 1.6518
11-16-2022 13:56:59.397688 Frame:303 Read: 0.0012 Inf: 1.4049 Onnx: 0.0938 Draw: 0.0123 Total: 1.4595
11-16-2022 13:57:01.154166 Frame:304 Read: 0.0012 Inf: 1.7004 Onnx: 0.1192 Draw: 0.0129 Total: 1.7564
11-16-2022 13:57:02.821468 Frame:305 Read: 0.0013 Inf: 1.6107 Onnx: 0.1148 Draw: 0.0126 Total: 1.6672
11-16-2022 13:57:04.449289 Frame:306 Read: 0.0012 Inf: 1.5720 Onnx: 0.0944 Draw: 0.0124 Total: 1.6278
11-16-2022 13:57:05.951340 Frame:307 Read: 0.0012 Inf: 1.4472 Onnx: 0.0937 Draw: 0.0124 Total: 1.5020
11-16-2022 13:57:07.430715 Frame:308 Read: 0.0013 Inf: 1.4231 Onnx: 0.0943 Draw: 0.0128 Total: 1.4793
11-16-2022 13:57:08.905489 Frame:309 Read: 0.0015 Inf: 1.4178 Onnx: 0.0926 Draw: 0.0132 Total: 1.4747
11-16-2022 13:57:10.429088 Frame:310 Read: 0.0012 Inf: 1.4652 Onnx: 0.1126 Draw: 0.0136 Total: 1.5235
11-16-2022 13:57:12.019048 Frame:311 Read: 0.0012 Inf: 1.5320 Onnx: 0.0936 Draw: 0.0121 Total: 1.5899
11-16-2022 13:57:13.722191 Frame:312 Read: 0.0012 Inf: 1.6476 Onnx: 0.0936 Draw: 0.0120 Total: 1.7031
11-16-2022 13:57:15.235068 Frame:313 Read: 0.0013 Inf: 1.4573 Onnx: 0.1023 Draw: 0.0121 Total: 1.5128
11-16-2022 13:57:16.733987 Frame:314 Read: 0.0012 Inf: 1.4437 Onnx: 0.0929 Draw: 0.0119 Total: 1.4989
11-16-2022 13:57:18.214496 Frame:315 Read: 0.0012 Inf: 1.4254 Onnx: 0.1033 Draw: 0.0122 Total: 1.4804
11-16-2022 13:57:19.727483 Frame:316 Read: 0.0012 Inf: 1.4565 Onnx: 0.1147 Draw: 0.0128 Total: 1.5129
11-16-2022 13:57:21.274683 Frame:317 Read: 0.0015 Inf: 1.4898 Onnx: 0.0940 Draw: 0.0121 Total: 1.5471
11-16-2022 13:57:22.908358 Frame:318 Read: 0.0012 Inf: 1.5792 Onnx: 0.0931 Draw: 0.0120 Total: 1.6336
11-16-2022 13:57:24.398509 Frame:319 Read: 0.0012 Inf: 1.4351 Onnx: 0.0932 Draw: 0.0121 Total: 1.4901
11-16-2022 13:57:25.931691 Frame:320 Read: 0.0013 Inf: 1.4790 Onnx: 0.0935 Draw: 0.0122 Total: 1.5331
11-16-2022 13:57:27.566110 Frame:321 Read: 0.0013 Inf: 1.5795 Onnx: 0.1117 Draw: 0.0117 Total: 1.6344
11-16-2022 13:57:29.204618 Frame:322 Read: 0.0012 Inf: 1.5851 Onnx: 0.1019 Draw: 0.0117 Total: 1.6384
11-16-2022 13:57:30.866719 Frame:323 Read: 0.0012 Inf: 1.6072 Onnx: 0.1083 Draw: 0.0122 Total: 1.6620
11-16-2022 13:57:32.414611 Frame:324 Read: 0.0012 Inf: 1.4934 Onnx: 0.1014 Draw: 0.0121 Total: 1.5478
11-16-2022 13:57:33.894828 Frame:325 Read: 0.0013 Inf: 1.4248 Onnx: 0.1028 Draw: 0.0123 Total: 1.4802
11-16-2022 13:57:35.395357 Frame:326 Read: 0.0012 Inf: 1.4452 Onnx: 0.0936 Draw: 0.0128 Total: 1.5005
11-16-2022 13:57:37.075153 Frame:327 Read: 0.0012 Inf: 1.6244 Onnx: 0.1097 Draw: 0.0128 Total: 1.6797
11-16-2022 13:57:38.750907 Frame:328 Read: 0.0012 Inf: 1.6203 Onnx: 0.1033 Draw: 0.0125 Total: 1.6757
11-16-2022 13:57:40.241776 Frame:329 Read: 0.0012 Inf: 1.4363 Onnx: 0.1080 Draw: 0.0125 Total: 1.4908
11-16-2022 13:57:42.005799 Frame:330 Read: 0.0012 Inf: 1.7089 Onnx: 0.1054 Draw: 0.0130 Total: 1.7640
11-16-2022 13:57:43.460988 Frame:331 Read: 0.0015 Inf: 1.4008 Onnx: 0.0933 Draw: 0.0119 Total: 1.4551
11-16-2022 13:57:45.053847 Frame:332 Read: 0.0012 Inf: 1.5373 Onnx: 0.1143 Draw: 0.0143 Total: 1.5928
11-16-2022 13:57:46.659179 Frame:333 Read: 0.0012 Inf: 1.5512 Onnx: 0.0971 Draw: 0.0133 Total: 1.6053
11-16-2022 13:57:48.392557 Frame:334 Read: 0.0012 Inf: 1.6781 Onnx: 0.1244 Draw: 0.0131 Total: 1.7333
11-16-2022 13:57:50.107517 Frame:335 Read: 0.0012 Inf: 1.6588 Onnx: 0.1286 Draw: 0.0134 Total: 1.7149
11-16-2022 13:57:51.625241 Frame:336 Read: 0.0013 Inf: 1.4597 Onnx: 0.0936 Draw: 0.0144 Total: 1.5177
11-16-2022 13:57:53.122839 Frame:337 Read: 0.0012 Inf: 1.4399 Onnx: 0.1155 Draw: 0.0143 Total: 1.4975
11-16-2022 13:57:54.653220 Frame:338 Read: 0.0012 Inf: 1.4715 Onnx: 0.1144 Draw: 0.0145 Total: 1.5303
11-16-2022 13:57:56.211286 Frame:339 Read: 0.0015 Inf: 1.5009 Onnx: 0.0930 Draw: 0.0142 Total: 1.5580
11-16-2022 13:57:57.936916 Frame:340 Read: 0.0012 Inf: 1.6706 Onnx: 0.0957 Draw: 0.0140 Total: 1.7256
11-16-2022 13:57:59.390426 Frame:341 Read: 0.0012 Inf: 1.3966 Onnx: 0.0932 Draw: 0.0150 Total: 1.4534
11-16-2022 13:58:00.910168 Frame:342 Read: 0.0012 Inf: 1.4642 Onnx: 0.0940 Draw: 0.0144 Total: 1.5197
11-16-2022 13:58:02.459441 Frame:343 Read: 0.0012 Inf: 1.4935 Onnx: 0.0939 Draw: 0.0143 Total: 1.5492
11-16-2022 13:58:04.100829 Frame:344 Read: 0.0012 Inf: 1.5850 Onnx: 0.0930 Draw: 0.0147 Total: 1.6413
11-16-2022 13:58:05.730165 Frame:345 Read: 0.0012 Inf: 1.5730 Onnx: 0.0983 Draw: 0.0142 Total: 1.6293
11-16-2022 13:58:07.241566 Frame:346 Read: 0.0012 Inf: 1.4565 Onnx: 0.1139 Draw: 0.0142 Total: 1.5113
11-16-2022 13:58:08.690635 Frame:347 Read: 0.0015 Inf: 1.3932 Onnx: 0.0937 Draw: 0.0140 Total: 1.4490
11-16-2022 13:58:10.206406 Frame:348 Read: 0.0015 Inf: 1.4544 Onnx: 0.0931 Draw: 0.0142 Total: 1.5157
11-16-2022 13:58:11.738083 Frame:349 Read: 0.0013 Inf: 1.4751 Onnx: 0.1149 Draw: 0.0140 Total: 1.5316
11-16-2022 13:58:13.336661 Frame:350 Read: 0.0012 Inf: 1.5389 Onnx: 0.1153 Draw: 0.0184 Total: 1.5985
11-16-2022 13:58:14.915190 Frame:351 Read: 0.0013 Inf: 1.5127 Onnx: 0.0940 Draw: 0.0130 Total: 1.5785
11-16-2022 13:58:16.415013 Frame:352 Read: 0.0012 Inf: 1.4437 Onnx: 0.0928 Draw: 0.0132 Total: 1.4998
11-16-2022 13:58:17.890441 Frame:353 Read: 0.0012 Inf: 1.4200 Onnx: 0.0928 Draw: 0.0127 Total: 1.4754
11-16-2022 13:58:19.389620 Frame:354 Read: 0.0012 Inf: 1.4447 Onnx: 0.1000 Draw: 0.0128 Total: 1.4991
11-16-2022 13:58:20.953549 Frame:355 Read: 0.0014 Inf: 1.5075 Onnx: 0.1184 Draw: 0.0133 Total: 1.5639
11-16-2022 13:58:22.473841 Frame:356 Read: 0.0012 Inf: 1.4666 Onnx: 0.0942 Draw: 0.0129 Total: 1.5202
11-16-2022 13:58:23.985785 Frame:357 Read: 0.0013 Inf: 1.4576 Onnx: 0.1129 Draw: 0.0130 Total: 1.5119
11-16-2022 13:58:25.477497 Frame:358 Read: 0.0012 Inf: 1.4374 Onnx: 0.1015 Draw: 0.0128 Total: 1.4917
11-16-2022 13:58:26.945979 Frame:359 Read: 0.0012 Inf: 1.4143 Onnx: 0.0917 Draw: 0.0127 Total: 1.4684
11-16-2022 13:58:28.454926 Frame:360 Read: 0.0012 Inf: 1.4534 Onnx: 0.0928 Draw: 0.0134 Total: 1.5089
11-16-2022 13:58:30.135716 Frame:361 Read: 0.0012 Inf: 1.6240 Onnx: 0.1102 Draw: 0.0146 Total: 1.6807
11-16-2022 13:58:31.776886 Frame:362 Read: 0.0012 Inf: 1.5859 Onnx: 0.0942 Draw: 0.0131 Total: 1.6411
11-16-2022 13:58:33.293765 Frame:363 Read: 0.0015 Inf: 1.4610 Onnx: 0.0984 Draw: 0.0127 Total: 1.5168
11-16-2022 13:58:34.792512 Frame:364 Read: 0.0012 Inf: 1.4434 Onnx: 0.0919 Draw: 0.0134 Total: 1.4987
11-16-2022 13:58:36.273989 Frame:365 Read: 0.0012 Inf: 1.4279 Onnx: 0.0929 Draw: 0.0131 Total: 1.4814
11-16-2022 13:58:37.976917 Frame:366 Read: 0.0012 Inf: 1.6484 Onnx: 0.0943 Draw: 0.0131 Total: 1.7029
11-16-2022 13:58:39.619914 Frame:367 Read: 0.0012 Inf: 1.5887 Onnx: 0.0935 Draw: 0.0130 Total: 1.6429
11-16-2022 13:58:41.333758 Frame:368 Read: 0.0013 Inf: 1.6592 Onnx: 0.0931 Draw: 0.0133 Total: 1.7138
11-16-2022 13:58:42.865105 Frame:369 Read: 0.0012 Inf: 1.4774 Onnx: 0.1061 Draw: 0.0123 Total: 1.5313
11-16-2022 13:58:44.353683 Frame:370 Read: 0.0012 Inf: 1.4355 Onnx: 0.0919 Draw: 0.0125 Total: 1.4885
11-16-2022 13:58:45.844614 Frame:371 Read: 0.0012 Inf: 1.4375 Onnx: 0.0979 Draw: 0.0129 Total: 1.4909
11-16-2022 13:58:47.584614 Frame:372 Read: 0.0015 Inf: 1.6849 Onnx: 0.1086 Draw: 0.0123 Total: 1.7399
11-16-2022 13:58:49.228787 Frame:373 Read: 0.0015 Inf: 1.5899 Onnx: 0.1030 Draw: 0.0117 Total: 1.6441
11-16-2022 13:58:50.764945 Frame:374 Read: 0.0015 Inf: 1.4759 Onnx: 0.1146 Draw: 0.0159 Total: 1.5361
11-16-2022 13:58:52.222785 Frame:375 Read: 0.0013 Inf: 1.4024 Onnx: 0.0931 Draw: 0.0123 Total: 1.4578
11-16-2022 13:58:53.701488 Frame:376 Read: 0.0012 Inf: 1.4243 Onnx: 0.0929 Draw: 0.0117 Total: 1.4786
